<?xml version="1.0" encoding="UTF-8"?>
<robot generated="20181210 21:49:47.390" generator="Robot 3.0.2 (Python 2.7.10 on darwin)">
<suite source="/Users/Hong/Documents/git-projects/testing-demo/Native-App-demo/e2eTest" id="s1" name="e2eTest">
<suite source="/Users/Hong/Documents/git-projects/testing-demo/Native-App-demo/e2eTest/init.robot" id="s1-s1" name="Init">
<kw type="setup" name="Open Native App">
<doc>open native app</doc>
<kw name="Open Application">
<arguments>
<arg>${BASE URL}</arg>
<arg>platformname=${platformname}</arg>
<arg>platformversion=${platformversion}</arg>
<arg>devicename=${devicename}</arg>
</arguments>
<msg timestamp="20181210 21:49:47.416" level="FAIL">No keyword with name 'Open Application' found.</msg>
<status status="FAIL" endtime="20181210 21:49:47.416" starttime="20181210 21:49:47.416"></status>
</kw>
<status status="FAIL" endtime="20181210 21:49:47.416" starttime="20181210 21:49:47.414"></status>
</kw>
<test id="s1-s1-t1" name="Test Cumpate Sum">
<doc>test case 1</doc>
<status status="FAIL" endtime="20181210 21:49:47.417" critical="yes" starttime="20181210 21:49:47.416">Parent suite setup failed:
No keyword with name 'Open Application' found.</status>
</test>
<kw type="teardown" name="Close Application">
<msg timestamp="20181210 21:49:47.419" level="FAIL">No keyword with name 'Close Application' found.</msg>
<status status="FAIL" endtime="20181210 21:49:47.419" starttime="20181210 21:49:47.419">No keyword with name 'Close Application' found.</status>
</kw>
<doc>A resource file with reusable keywords and variables.

The system specific keywords created here form our own
domain specific language. They utilize keywords provided
by the imported SeleniumLibrary.</doc>
<status status="FAIL" endtime="20181210 21:49:47.419" starttime="20181210 21:49:47.411">Suite setup failed:
No keyword with name 'Open Application' found.

Also suite teardown failed:
No keyword with name 'Close Application' found.</status>
</suite>
<status status="FAIL" endtime="20181210 21:49:47.419" starttime="20181210 21:49:47.392"></status>
</suite>
<statistics>
<total>
<stat fail="1" pass="0">Critical Tests</stat>
<stat fail="1" pass="0">All Tests</stat>
</total>
<tag>
</tag>
<suite>
<stat fail="1" id="s1" name="e2eTest" pass="0">e2eTest</stat>
<stat fail="1" id="s1-s1" name="Init" pass="0">e2eTest.Init</stat>
</suite>
</statistics>
<errors>
<msg timestamp="20181210 21:49:47.413" level="ERROR">Error in file '/Users/Hong/Documents/git-projects/testing-demo/Native-App-demo/e2eTest/init.robot': Importing test library 'Appiumlibrary' failed: ImportError: No module named Appiumlibrary
Traceback (most recent call last):
  None
PYTHONPATH:
  /usr/local/bin
  /System/Library/Frameworks/Python.framework/Versions/2.7/lib/python27.zip
  /System/Library/Frameworks/Python.framework/Versions/2.7/lib/python2.7
  /System/Library/Frameworks/Python.framework/Versions/2.7/lib/python2.7/plat-darwin
  /System/Library/Frameworks/Python.framework/Versions/2.7/lib/python2.7/plat-mac
  /System/Library/Frameworks/Python.framework/Versions/2.7/lib/python2.7/plat-mac/lib-scriptpackages
  /System/Library/Frameworks/Python.framework/Versions/2.7/lib/python2.7/lib-tk
  /System/Library/Frameworks/Python.framework/Versions/2.7/lib/python2.7/lib-old
  /System/Library/Frameworks/Python.framework/Versions/2.7/lib/python2.7/lib-dynload
  /Users/Hong/Library/Python/2.7/lib/python/site-packages
  /Library/Python/2.7/site-packages
  /System/Library/Frameworks/Python.framework/Versions/2.7/Extras/lib/python
  /System/Library/Frameworks/Python.framework/Versions/2.7/Extras/lib/python/PyObjC</msg>
</errors>
</robot>
